<?xml version="1.0" encoding="UTF-8"?>
<coverage generated="1657838691492" clover="3.2.0">
  <project timestamp="1657838691492" name="All files">
    <metrics statements="81" coveredstatements="38" conditionals="8" coveredconditionals="2" methods="15" coveredmethods="4" elements="104" coveredelements="44" complexity="0" loc="81" ncloc="81" packages="1" files="4" classes="4"/>
    <file name="addTask-function.js" path="C:\Users\User\Desktop\colaborators\to-do-list\src\modules\addTask-function.js">
      <metrics statements="55" coveredstatements="23" conditionals="6" coveredconditionals="0" methods="8" coveredmethods="1"/>
      <line num="5" count="1" type="stmt"/>
      <line num="7" count="1" type="stmt"/>
      <line num="8" count="0" type="stmt"/>
      <line num="9" count="0" type="stmt"/>
      <line num="10" count="0" type="stmt"/>
      <line num="11" count="0" type="stmt"/>
      <line num="12" count="0" type="stmt"/>
      <line num="14" count="0" type="stmt"/>
      <line num="17" count="1" type="stmt"/>
      <line num="18" count="3" type="stmt"/>
      <line num="19" count="3" type="stmt"/>
      <line num="20" count="3" type="stmt"/>
      <line num="21" count="3" type="stmt"/>
      <line num="22" count="3" type="stmt"/>
      <line num="23" count="3" type="stmt"/>
      <line num="24" count="3" type="stmt"/>
      <line num="25" count="3" type="stmt"/>
      <line num="26" count="3" type="stmt"/>
      <line num="27" count="3" type="stmt"/>
      <line num="28" count="3" type="stmt"/>
      <line num="29" count="3" type="stmt"/>
      <line num="30" count="3" type="stmt"/>
      <line num="32" count="3" type="stmt"/>
      <line num="33" count="3" type="stmt"/>
      <line num="34" count="3" type="stmt"/>
      <line num="36" count="3" type="stmt"/>
      <line num="37" count="3" type="stmt"/>
      <line num="39" count="3" type="stmt"/>
      <line num="40" count="0" type="stmt"/>
      <line num="41" count="0" type="stmt"/>
      <line num="42" count="0" type="stmt"/>
      <line num="44" count="0" type="stmt"/>
      <line num="45" count="0" type="stmt"/>
      <line num="46" count="0" type="stmt"/>
      <line num="47" count="0" type="stmt"/>
      <line num="49" count="0" type="stmt"/>
      <line num="50" count="0" type="cond" truecount="0" falsecount="2"/>
      <line num="51" count="0" type="stmt"/>
      <line num="53" count="0" type="stmt"/>
      <line num="54" count="0" type="stmt"/>
      <line num="55" count="0" type="stmt"/>
      <line num="59" count="0" type="stmt"/>
      <line num="60" count="0" type="cond" truecount="0" falsecount="2"/>
      <line num="61" count="0" type="stmt"/>
      <line num="62" count="0" type="stmt"/>
      <line num="63" count="0" type="stmt"/>
      <line num="65" count="0" type="stmt"/>
      <line num="66" count="0" type="stmt"/>
      <line num="67" count="0" type="stmt"/>
      <line num="71" count="0" type="stmt"/>
      <line num="72" count="0" type="stmt"/>
      <line num="76" count="3" type="stmt"/>
      <line num="77" count="0" type="stmt"/>
      <line num="78" count="0" type="cond" truecount="0" falsecount="2"/>
      <line num="79" count="0" type="stmt"/>
    </file>
    <file name="clearAll-function.js" path="C:\Users\User\Desktop\colaborators\to-do-list\src\modules\clearAll-function.js">
      <metrics statements="8" coveredstatements="2" conditionals="0" coveredconditionals="0" methods="3" coveredmethods="0"/>
      <line num="3" count="1" type="stmt"/>
      <line num="5" count="1" type="stmt"/>
      <line num="6" count="0" type="stmt"/>
      <line num="7" count="0" type="stmt"/>
      <line num="8" count="0" type="stmt"/>
      <line num="9" count="0" type="stmt"/>
      <line num="10" count="0" type="stmt"/>
      <line num="12" count="0" type="stmt"/>
    </file>
    <file name="editFunction.js" path="C:\Users\User\Desktop\colaborators\to-do-list\src\modules\editFunction.js">
      <metrics statements="6" coveredstatements="1" conditionals="0" coveredconditionals="0" methods="1" coveredmethods="0"/>
      <line num="3" count="1" type="stmt"/>
      <line num="4" count="0" type="stmt"/>
      <line num="5" count="0" type="stmt"/>
      <line num="6" count="0" type="stmt"/>
      <line num="8" count="0" type="stmt"/>
      <line num="9" count="0" type="stmt"/>
    </file>
    <file name="localStorage-functions.js" path="C:\Users\User\Desktop\colaborators\to-do-list\src\modules\localStorage-functions.js">
      <metrics statements="12" coveredstatements="12" conditionals="2" coveredconditionals="2" methods="3" coveredmethods="3"/>
      <line num="1" count="2" type="stmt"/>
      <line num="3" count="2" type="stmt"/>
      <line num="4" count="9" type="cond" truecount="2" falsecount="0"/>
      <line num="5" count="1" type="stmt"/>
      <line num="7" count="8" type="stmt"/>
      <line num="9" count="9" type="stmt"/>
      <line num="12" count="2" type="stmt"/>
      <line num="13" count="3" type="stmt"/>
      <line num="14" count="3" type="stmt"/>
      <line num="15" count="3" type="stmt"/>
      <line num="18" count="2" type="stmt"/>
      <line num="19" count="5" type="stmt"/>
    </file>
  </project>
</coverage>
